#! /usr/local/iverilog/bin/vvp
:ivl_version "11.0 (devel)" "(s20150603-642-g3bdb50da)";
:ivl_delay_selection "TYPICAL";
:vpi_time_precision - 12;
:vpi_module "system";
:vpi_module "vhdl_sys";
:vpi_module "vhdl_textio";
:vpi_module "v2005_math";
:vpi_module "va_math";
S_0000000000919b50 .scope module, "Matrixtb" "Matrixtb" 2 4;
 .timescale -9 -12;
v0000000000987ec0_0 .var "clk", 0 0;
v0000000000986fc0_0 .var "rst", 0 0;
S_0000000000919ce0 .scope module, "Ml" "Matrix_Mul" 2 13, 3 14 0, S_0000000000919b50;
 .timescale 0 0;
    .port_info 0 /INPUT 1 "clk";
    .port_info 1 /INPUT 1 "rst";
v0000000000985fa0_0 .net "A_E_top", 15 0, v000000000092c2b0_0;  1 drivers
v0000000000984f60_0 .net "A_F_top", 15 0, v000000000092cc10_0;  1 drivers
v0000000000985820_0 .net "B_G_top", 15 0, v000000000092c850_0;  1 drivers
v0000000000985aa0_0 .net "B_H_top", 15 0, v000000000092c7b0_0;  1 drivers
v0000000000985b40_0 .net "C11_top", 23 0, v000000000092c3f0_0;  1 drivers
v0000000000986de0_0 .net "C12_top", 23 0, v0000000000985280_0;  1 drivers
v0000000000986e80_0 .net "C21_top", 23 0, v0000000000986540_0;  1 drivers
v0000000000986ac0_0 .net "C22_top", 23 0, v0000000000984740_0;  1 drivers
v0000000000986f20_0 .net "C_E_top", 15 0, v000000000092c490_0;  1 drivers
v00000000009871a0_0 .net "C_F_top", 15 0, v000000000092cf30_0;  1 drivers
v0000000000987e20_0 .net "D_G_top", 15 0, v000000000092cd50_0;  1 drivers
v00000000009886e0_0 .net "D_H_top", 15 0, v000000000092c0d0_0;  1 drivers
v0000000000987f60_0 .net "M1Out1_top", 7 0, v0000000000984a60_0;  1 drivers
v00000000009885a0_0 .net "M1Out2_top", 7 0, v00000000009855a0_0;  1 drivers
v0000000000987100_0 .net "M1Out3_top", 7 0, v00000000009864a0_0;  1 drivers
v00000000009880a0_0 .net "M1Out4_top", 7 0, v00000000009849c0_0;  1 drivers
v0000000000988140_0 .net "M2Out1_top", 7 0, v00000000009856e0_0;  1 drivers
v0000000000987600_0 .net "M2Out2_top", 7 0, v0000000000985960_0;  1 drivers
v0000000000988780_0 .net "M2Out3_top", 7 0, v0000000000985780_0;  1 drivers
v0000000000986b60_0 .net "M2Out4_top", 7 0, v0000000000984b00_0;  1 drivers
v0000000000987d80_0 .net "clk", 0 0, v0000000000987ec0_0;  1 drivers
v00000000009881e0_0 .net "rst", 0 0, v0000000000986fc0_0;  1 drivers
S_0000000000913b90 .scope module, "AA" "ALUArray" 3 39, 4 4 0, S_0000000000919ce0;
 .timescale 0 0;
    .port_info 0 /OUTPUT 16 "A_E";
    .port_info 1 /OUTPUT 16 "B_G";
    .port_info 2 /OUTPUT 16 "C_E";
    .port_info 3 /OUTPUT 16 "D_G";
    .port_info 4 /OUTPUT 16 "A_F";
    .port_info 5 /OUTPUT 16 "B_H";
    .port_info 6 /OUTPUT 16 "C_F";
    .port_info 7 /OUTPUT 16 "D_H";
    .port_info 8 /INPUT 1 "clk";
    .port_info 9 /INPUT 1 "rst";
    .port_info 10 /INPUT 8 "A";
    .port_info 11 /INPUT 8 "B";
    .port_info 12 /INPUT 8 "C";
    .port_info 13 /INPUT 8 "D";
    .port_info 14 /INPUT 8 "E";
    .port_info 15 /INPUT 8 "F";
    .port_info 16 /INPUT 8 "G";
    .port_info 17 /INPUT 8 "H";
v000000000092ccb0_0 .net "A", 7 0, v0000000000984a60_0;  alias, 1 drivers
v000000000092c2b0_0 .var "A_E", 15 0;
v000000000092cc10_0 .var "A_F", 15 0;
v000000000092c670_0 .net "B", 7 0, v00000000009855a0_0;  alias, 1 drivers
v000000000092c850_0 .var "B_G", 15 0;
v000000000092c7b0_0 .var "B_H", 15 0;
v000000000092cb70_0 .net "C", 7 0, v00000000009864a0_0;  alias, 1 drivers
v000000000092c490_0 .var "C_E", 15 0;
v000000000092cf30_0 .var "C_F", 15 0;
v000000000092c530_0 .net "D", 7 0, v00000000009849c0_0;  alias, 1 drivers
v000000000092cd50_0 .var "D_G", 15 0;
v000000000092c0d0_0 .var "D_H", 15 0;
v000000000092cdf0_0 .net "E", 7 0, v00000000009856e0_0;  alias, 1 drivers
v000000000092c990_0 .net "F", 7 0, v0000000000985960_0;  alias, 1 drivers
v000000000092c710_0 .net "G", 7 0, v0000000000985780_0;  alias, 1 drivers
v000000000092c8f0_0 .net "H", 7 0, v0000000000984b00_0;  alias, 1 drivers
v000000000092ca30_0 .net "clk", 0 0, v0000000000987ec0_0;  alias, 1 drivers
v000000000092ce90_0 .net "rst", 0 0, v0000000000986fc0_0;  alias, 1 drivers
E_0000000000902150 .event posedge, v000000000092ca30_0;
S_000000000091fb20 .scope module, "Ad" "AddAccumulator" 3 62, 5 1 0, S_0000000000919ce0;
 .timescale 0 0;
    .port_info 0 /INPUT 1 "clk";
    .port_info 1 /INPUT 16 "A_E";
    .port_info 2 /INPUT 16 "B_G";
    .port_info 3 /INPUT 16 "C_E";
    .port_info 4 /INPUT 16 "D_G";
    .port_info 5 /INPUT 16 "A_F";
    .port_info 6 /INPUT 16 "B_H";
    .port_info 7 /INPUT 16 "C_F";
    .port_info 8 /INPUT 16 "D_H";
    .port_info 9 /OUTPUT 24 "C11";
    .port_info 10 /OUTPUT 24 "C12";
    .port_info 11 /OUTPUT 24 "C21";
    .port_info 12 /OUTPUT 24 "C22";
    .port_info 13 /INPUT 1 "rst";
v000000000092c030_0 .net "A_E", 15 0, v000000000092c2b0_0;  alias, 1 drivers
v000000000092c170_0 .net "A_F", 15 0, v000000000092cc10_0;  alias, 1 drivers
v000000000092c5d0_0 .net "B_G", 15 0, v000000000092c850_0;  alias, 1 drivers
v000000000092cad0_0 .net "B_H", 15 0, v000000000092c7b0_0;  alias, 1 drivers
v000000000092c3f0_0 .var "C11", 23 0;
v0000000000985280_0 .var "C12", 23 0;
v0000000000986540_0 .var "C21", 23 0;
v0000000000984740_0 .var "C22", 23 0;
v00000000009846a0_0 .net "C_E", 15 0, v000000000092c490_0;  alias, 1 drivers
v00000000009860e0_0 .net "C_F", 15 0, v000000000092cf30_0;  alias, 1 drivers
v00000000009850a0_0 .net "D_G", 15 0, v000000000092cd50_0;  alias, 1 drivers
v0000000000986360_0 .net "D_H", 15 0, v000000000092c0d0_0;  alias, 1 drivers
v0000000000985500_0 .net "clk", 0 0, v0000000000987ec0_0;  alias, 1 drivers
v0000000000985f00_0 .net "rst", 0 0, v0000000000986fc0_0;  alias, 1 drivers
S_000000000091fcb0 .scope module, "MF" "MemFetch" 3 23, 6 7 0, S_0000000000919ce0;
 .timescale 0 0;
    .port_info 0 /INPUT 1 "clk";
    .port_info 1 /INPUT 1 "rst";
    .port_info 2 /OUTPUT 8 "M1Out1";
    .port_info 3 /OUTPUT 8 "M1Out2";
    .port_info 4 /OUTPUT 8 "M2Out2";
    .port_info 5 /OUTPUT 8 "M2Out1";
    .port_info 6 /OUTPUT 8 "M1Out3";
    .port_info 7 /OUTPUT 8 "M1Out4";
    .port_info 8 /OUTPUT 8 "M2Out3";
    .port_info 9 /OUTPUT 8 "M2Out4";
v0000000000986220_0 .net "M1Out1", 7 0, v0000000000984a60_0;  alias, 1 drivers
v0000000000986400_0 .net "M1Out2", 7 0, v00000000009855a0_0;  alias, 1 drivers
v00000000009858c0_0 .net "M1Out3", 7 0, v00000000009864a0_0;  alias, 1 drivers
v0000000000986040_0 .net "M1Out4", 7 0, v00000000009849c0_0;  alias, 1 drivers
v00000000009847e0_0 .net "M2Out1", 7 0, v00000000009856e0_0;  alias, 1 drivers
v0000000000984ec0_0 .net "M2Out2", 7 0, v0000000000985960_0;  alias, 1 drivers
v0000000000985a00_0 .net "M2Out3", 7 0, v0000000000985780_0;  alias, 1 drivers
v0000000000984ba0_0 .net "M2Out4", 7 0, v0000000000984b00_0;  alias, 1 drivers
v00000000009862c0_0 .var "MC1", 7 0;
v0000000000985be0_0 .var "MC2", 7 0;
v0000000000984c40_0 .var "MC3", 7 0;
v0000000000984d80_0 .var "MC4", 7 0;
v0000000000985000_0 .net "clk", 0 0, v0000000000987ec0_0;  alias, 1 drivers
v0000000000984e20_0 .net "rst", 0 0, v0000000000986fc0_0;  alias, 1 drivers
S_0000000000904f40 .scope module, "mem1" "Mem1" 6 41, 7 1 0, S_000000000091fcb0;
 .timescale 0 0;
    .port_info 0 /INPUT 8 "MC1";
    .port_info 1 /INPUT 8 "MC2";
    .port_info 2 /INPUT 8 "MC3";
    .port_info 3 /INPUT 8 "MC4";
    .port_info 4 /OUTPUT 8 "M1Out1";
    .port_info 5 /OUTPUT 8 "M1Out2";
    .port_info 6 /OUTPUT 8 "M1Out3";
    .port_info 7 /OUTPUT 8 "M1Out4";
    .port_info 8 /INPUT 1 "clk";
    .port_info 9 /INPUT 1 "rst";
v0000000000984a60_0 .var "M1Out1", 7 0;
v00000000009855a0_0 .var "M1Out2", 7 0;
v00000000009864a0_0 .var "M1Out3", 7 0;
v00000000009849c0_0 .var "M1Out4", 7 0;
v0000000000985320_0 .net "MC1", 7 0, v00000000009862c0_0;  1 drivers
v0000000000984920_0 .net "MC2", 7 0, v0000000000985be0_0;  1 drivers
v0000000000985c80_0 .net "MC3", 7 0, v0000000000984c40_0;  1 drivers
v0000000000985140_0 .net "MC4", 7 0, v0000000000984d80_0;  1 drivers
v00000000009851e0 .array "Memory1", 0 1023, 7 0;
v0000000000984880_0 .net "clk", 0 0, v0000000000987ec0_0;  alias, 1 drivers
v0000000000985d20_0 .net "rst", 0 0, v0000000000986fc0_0;  alias, 1 drivers
S_0000000000905180 .scope module, "mem2" "Mem2" 6 52, 8 1 0, S_000000000091fcb0;
 .timescale 0 0;
    .port_info 0 /INPUT 8 "MC1";
    .port_info 1 /INPUT 8 "MC2";
    .port_info 2 /INPUT 8 "MC4";
    .port_info 3 /INPUT 8 "MC3";
    .port_info 4 /OUTPUT 8 "M2Out1";
    .port_info 5 /OUTPUT 8 "M2Out2";
    .port_info 6 /OUTPUT 8 "M2Out3";
    .port_info 7 /OUTPUT 8 "M2Out4";
    .port_info 8 /INPUT 1 "clk";
    .port_info 9 /INPUT 1 "rst";
v00000000009856e0_0 .var "M2Out1", 7 0;
v0000000000985960_0 .var "M2Out2", 7 0;
v0000000000985780_0 .var "M2Out3", 7 0;
v0000000000984b00_0 .var "M2Out4", 7 0;
v00000000009853c0_0 .net "MC1", 7 0, v00000000009862c0_0;  alias, 1 drivers
v0000000000985dc0_0 .net "MC2", 7 0, v0000000000985be0_0;  alias, 1 drivers
v0000000000985460_0 .net "MC3", 7 0, v0000000000984c40_0;  alias, 1 drivers
v0000000000984ce0_0 .net "MC4", 7 0, v0000000000984d80_0;  alias, 1 drivers
v0000000000986180 .array "Memory2", 0 1023, 7 0;
v0000000000985e60_0 .net "clk", 0 0, v0000000000987ec0_0;  alias, 1 drivers
v0000000000985640_0 .net "rst", 0 0, v0000000000986fc0_0;  alias, 1 drivers
    .scope S_0000000000904f40;
T_0 ;
    %wait E_0000000000902150;
    %load/vec4 v0000000000985d20_0;
    %flag_set/vec4 8;
    %jmp/0xz  T_0.0, 8;
    %load/vec4 v0000000000985320_0;
    %pad/u 12;
    %ix/vec4 4;
    %load/vec4a v00000000009851e0, 4;
    %assign/vec4 v0000000000984a60_0, 0;
    %load/vec4 v0000000000984920_0;
    %pad/u 12;
    %ix/vec4 4;
    %load/vec4a v00000000009851e0, 4;
    %assign/vec4 v00000000009855a0_0, 0;
    %load/vec4 v0000000000985c80_0;
    %pad/u 12;
    %ix/vec4 4;
    %load/vec4a v00000000009851e0, 4;
    %assign/vec4 v00000000009864a0_0, 0;
    %load/vec4 v0000000000985140_0;
    %pad/u 12;
    %ix/vec4 4;
    %load/vec4a v00000000009851e0, 4;
    %assign/vec4 v00000000009849c0_0, 0;
    %jmp T_0.1;
T_0.0 ;
    %ix/load 4, 0, 0;
    %flag_set/imm 4, 0;
    %load/vec4a v00000000009851e0, 4;
    %assign/vec4 v0000000000984a60_0, 0;
    %ix/load 4, 1, 0;
    %flag_set/imm 4, 0;
    %load/vec4a v00000000009851e0, 4;
    %assign/vec4 v00000000009855a0_0, 0;
    %ix/load 4, 2, 0;
    %flag_set/imm 4, 0;
    %load/vec4a v00000000009851e0, 4;
    %assign/vec4 v00000000009864a0_0, 0;
    %ix/load 4, 3, 0;
    %flag_set/imm 4, 0;
    %load/vec4a v00000000009851e0, 4;
    %assign/vec4 v00000000009849c0_0, 0;
T_0.1 ;
    %jmp T_0;
    .thread T_0;
    .scope S_0000000000904f40;
T_1 ;
    %pushi/vec4 1, 0, 8;
    %ix/load 4, 0, 0;
    %flag_set/imm 4, 0;
    %store/vec4a v00000000009851e0, 4, 0;
    %pushi/vec4 2, 0, 8;
    %ix/load 4, 1, 0;
    %flag_set/imm 4, 0;
    %store/vec4a v00000000009851e0, 4, 0;
    %pushi/vec4 3, 0, 8;
    %ix/load 4, 2, 0;
    %flag_set/imm 4, 0;
    %store/vec4a v00000000009851e0, 4, 0;
    %pushi/vec4 4, 0, 8;
    %ix/load 4, 3, 0;
    %flag_set/imm 4, 0;
    %store/vec4a v00000000009851e0, 4, 0;
    %pushi/vec4 5, 0, 8;
    %ix/load 4, 4, 0;
    %flag_set/imm 4, 0;
    %store/vec4a v00000000009851e0, 4, 0;
    %pushi/vec4 6, 0, 8;
    %ix/load 4, 5, 0;
    %flag_set/imm 4, 0;
    %store/vec4a v00000000009851e0, 4, 0;
    %pushi/vec4 7, 0, 8;
    %ix/load 4, 6, 0;
    %flag_set/imm 4, 0;
    %store/vec4a v00000000009851e0, 4, 0;
    %pushi/vec4 8, 0, 8;
    %ix/load 4, 7, 0;
    %flag_set/imm 4, 0;
    %store/vec4a v00000000009851e0, 4, 0;
    %pushi/vec4 9, 0, 8;
    %ix/load 4, 8, 0;
    %flag_set/imm 4, 0;
    %store/vec4a v00000000009851e0, 4, 0;
    %pushi/vec4 10, 0, 8;
    %ix/load 4, 9, 0;
    %flag_set/imm 4, 0;
    %store/vec4a v00000000009851e0, 4, 0;
    %pushi/vec4 11, 0, 8;
    %ix/load 4, 10, 0;
    %flag_set/imm 4, 0;
    %store/vec4a v00000000009851e0, 4, 0;
    %pushi/vec4 12, 0, 8;
    %ix/load 4, 11, 0;
    %flag_set/imm 4, 0;
    %store/vec4a v00000000009851e0, 4, 0;
    %pushi/vec4 13, 0, 8;
    %ix/load 4, 12, 0;
    %flag_set/imm 4, 0;
    %store/vec4a v00000000009851e0, 4, 0;
    %pushi/vec4 14, 0, 8;
    %ix/load 4, 13, 0;
    %flag_set/imm 4, 0;
    %store/vec4a v00000000009851e0, 4, 0;
    %pushi/vec4 15, 0, 8;
    %ix/load 4, 14, 0;
    %flag_set/imm 4, 0;
    %store/vec4a v00000000009851e0, 4, 0;
    %pushi/vec4 16, 0, 8;
    %ix/load 4, 15, 0;
    %flag_set/imm 4, 0;
    %store/vec4a v00000000009851e0, 4, 0;
    %end;
    .thread T_1;
    .scope S_0000000000905180;
T_2 ;
    %wait E_0000000000902150;
    %load/vec4 v0000000000985640_0;
    %flag_set/vec4 8;
    %jmp/0xz  T_2.0, 8;
    %load/vec4 v00000000009853c0_0;
    %pad/u 12;
    %ix/vec4 4;
    %load/vec4a v0000000000986180, 4;
    %assign/vec4 v00000000009856e0_0, 0;
    %load/vec4 v0000000000985dc0_0;
    %pad/u 12;
    %ix/vec4 4;
    %load/vec4a v0000000000986180, 4;
    %assign/vec4 v0000000000985960_0, 0;
    %load/vec4 v0000000000985460_0;
    %pad/u 12;
    %ix/vec4 4;
    %load/vec4a v0000000000986180, 4;
    %assign/vec4 v0000000000985780_0, 0;
    %load/vec4 v0000000000984ce0_0;
    %pad/u 12;
    %ix/vec4 4;
    %load/vec4a v0000000000986180, 4;
    %assign/vec4 v0000000000984b00_0, 0;
    %jmp T_2.1;
T_2.0 ;
    %ix/load 4, 0, 0;
    %flag_set/imm 4, 0;
    %load/vec4a v0000000000986180, 4;
    %assign/vec4 v00000000009856e0_0, 0;
    %ix/load 4, 1, 0;
    %flag_set/imm 4, 0;
    %load/vec4a v0000000000986180, 4;
    %assign/vec4 v0000000000985960_0, 0;
    %ix/load 4, 2, 0;
    %flag_set/imm 4, 0;
    %load/vec4a v0000000000986180, 4;
    %assign/vec4 v0000000000985780_0, 0;
    %ix/load 4, 3, 0;
    %flag_set/imm 4, 0;
    %load/vec4a v0000000000986180, 4;
    %assign/vec4 v0000000000984b00_0, 0;
T_2.1 ;
    %jmp T_2;
    .thread T_2;
    .scope S_0000000000905180;
T_3 ;
    %pushi/vec4 17, 0, 8;
    %ix/load 4, 0, 0;
    %flag_set/imm 4, 0;
    %store/vec4a v0000000000986180, 4, 0;
    %pushi/vec4 18, 0, 8;
    %ix/load 4, 1, 0;
    %flag_set/imm 4, 0;
    %store/vec4a v0000000000986180, 4, 0;
    %pushi/vec4 19, 0, 8;
    %ix/load 4, 2, 0;
    %flag_set/imm 4, 0;
    %store/vec4a v0000000000986180, 4, 0;
    %pushi/vec4 20, 0, 8;
    %ix/load 4, 3, 0;
    %flag_set/imm 4, 0;
    %store/vec4a v0000000000986180, 4, 0;
    %pushi/vec4 21, 0, 8;
    %ix/load 4, 4, 0;
    %flag_set/imm 4, 0;
    %store/vec4a v0000000000986180, 4, 0;
    %pushi/vec4 22, 0, 8;
    %ix/load 4, 5, 0;
    %flag_set/imm 4, 0;
    %store/vec4a v0000000000986180, 4, 0;
    %pushi/vec4 23, 0, 8;
    %ix/load 4, 6, 0;
    %flag_set/imm 4, 0;
    %store/vec4a v0000000000986180, 4, 0;
    %pushi/vec4 24, 0, 8;
    %ix/load 4, 7, 0;
    %flag_set/imm 4, 0;
    %store/vec4a v0000000000986180, 4, 0;
    %pushi/vec4 25, 0, 8;
    %ix/load 4, 8, 0;
    %flag_set/imm 4, 0;
    %store/vec4a v0000000000986180, 4, 0;
    %pushi/vec4 26, 0, 8;
    %ix/load 4, 9, 0;
    %flag_set/imm 4, 0;
    %store/vec4a v0000000000986180, 4, 0;
    %pushi/vec4 27, 0, 8;
    %ix/load 4, 10, 0;
    %flag_set/imm 4, 0;
    %store/vec4a v0000000000986180, 4, 0;
    %pushi/vec4 28, 0, 8;
    %ix/load 4, 11, 0;
    %flag_set/imm 4, 0;
    %store/vec4a v0000000000986180, 4, 0;
    %pushi/vec4 29, 0, 8;
    %ix/load 4, 12, 0;
    %flag_set/imm 4, 0;
    %store/vec4a v0000000000986180, 4, 0;
    %pushi/vec4 30, 0, 8;
    %ix/load 4, 13, 0;
    %flag_set/imm 4, 0;
    %store/vec4a v0000000000986180, 4, 0;
    %pushi/vec4 31, 0, 8;
    %ix/load 4, 14, 0;
    %flag_set/imm 4, 0;
    %store/vec4a v0000000000986180, 4, 0;
    %pushi/vec4 32, 0, 8;
    %ix/load 4, 15, 0;
    %flag_set/imm 4, 0;
    %store/vec4a v0000000000986180, 4, 0;
    %end;
    .thread T_3;
    .scope S_000000000091fcb0;
T_4 ;
    %wait E_0000000000902150;
    %load/vec4 v0000000000984e20_0;
    %flag_set/vec4 8;
    %jmp/0xz  T_4.0, 8;
    %load/vec4 v00000000009862c0_0;
    %addi 4, 0, 8;
    %assign/vec4 v00000000009862c0_0, 0;
    %load/vec4 v0000000000985be0_0;
    %addi 4, 0, 8;
    %assign/vec4 v0000000000985be0_0, 0;
    %load/vec4 v0000000000984c40_0;
    %addi 4, 0, 8;
    %assign/vec4 v0000000000984c40_0, 0;
    %load/vec4 v0000000000984d80_0;
    %addi 4, 0, 8;
    %assign/vec4 v0000000000984d80_0, 0;
    %jmp T_4.1;
T_4.0 ;
    %pushi/vec4 0, 0, 8;
    %assign/vec4 v00000000009862c0_0, 0;
    %pushi/vec4 1, 0, 8;
    %assign/vec4 v0000000000985be0_0, 0;
    %pushi/vec4 2, 0, 8;
    %assign/vec4 v0000000000984c40_0, 0;
    %pushi/vec4 3, 0, 8;
    %assign/vec4 v0000000000984d80_0, 0;
T_4.1 ;
    %jmp T_4;
    .thread T_4;
    .scope S_0000000000913b90;
T_5 ;
    %wait E_0000000000902150;
    %load/vec4 v000000000092ce90_0;
    %flag_set/vec4 8;
    %jmp/0xz  T_5.0, 8;
    %load/vec4 v000000000092ccb0_0;
    %pad/u 16;
    %load/vec4 v000000000092cdf0_0;
    %pad/u 16;
    %mul;
    %assign/vec4 v000000000092c2b0_0, 0;
    %load/vec4 v000000000092c670_0;
    %pad/u 16;
    %load/vec4 v000000000092c710_0;
    %pad/u 16;
    %mul;
    %assign/vec4 v000000000092c850_0, 0;
    %load/vec4 v000000000092cb70_0;
    %pad/u 16;
    %load/vec4 v000000000092cdf0_0;
    %pad/u 16;
    %mul;
    %assign/vec4 v000000000092c490_0, 0;
    %load/vec4 v000000000092c530_0;
    %pad/u 16;
    %load/vec4 v000000000092c710_0;
    %pad/u 16;
    %mul;
    %assign/vec4 v000000000092cd50_0, 0;
    %load/vec4 v000000000092ccb0_0;
    %pad/u 16;
    %load/vec4 v000000000092c990_0;
    %pad/u 16;
    %mul;
    %assign/vec4 v000000000092cc10_0, 0;
    %load/vec4 v000000000092c670_0;
    %pad/u 16;
    %load/vec4 v000000000092c8f0_0;
    %pad/u 16;
    %mul;
    %assign/vec4 v000000000092c7b0_0, 0;
    %load/vec4 v000000000092cb70_0;
    %pad/u 16;
    %load/vec4 v000000000092c990_0;
    %pad/u 16;
    %mul;
    %assign/vec4 v000000000092cf30_0, 0;
    %load/vec4 v000000000092c530_0;
    %pad/u 16;
    %load/vec4 v000000000092c8f0_0;
    %pad/u 16;
    %mul;
    %assign/vec4 v000000000092c0d0_0, 0;
T_5.0 ;
    %jmp T_5;
    .thread T_5;
    .scope S_000000000091fb20;
T_6 ;
    %wait E_0000000000902150;
    %load/vec4 v0000000000985f00_0;
    %flag_set/vec4 8;
    %jmp/0xz  T_6.0, 8;
    %load/vec4 v000000000092c030_0;
    %pad/u 24;
    %load/vec4 v000000000092c5d0_0;
    %pad/u 24;
    %add;
    %store/vec4 v000000000092c3f0_0, 0, 24;
    %load/vec4 v000000000092c170_0;
    %pad/u 24;
    %load/vec4 v000000000092cad0_0;
    %pad/u 24;
    %add;
    %store/vec4 v0000000000985280_0, 0, 24;
    %load/vec4 v00000000009846a0_0;
    %pad/u 24;
    %load/vec4 v00000000009850a0_0;
    %pad/u 24;
    %add;
    %store/vec4 v0000000000986540_0, 0, 24;
    %load/vec4 v00000000009860e0_0;
    %pad/u 24;
    %load/vec4 v0000000000986360_0;
    %pad/u 24;
    %add;
    %store/vec4 v0000000000984740_0, 0, 24;
T_6.0 ;
    %jmp T_6;
    .thread T_6;
    .scope S_0000000000919b50;
T_7 ;
    %pushi/vec4 0, 0, 1;
    %store/vec4 v0000000000987ec0_0, 0, 1;
    %pushi/vec4 0, 0, 1;
    %store/vec4 v0000000000986fc0_0, 0, 1;
T_7.0 ;
    %delay 5000, 0;
    %load/vec4 v0000000000987ec0_0;
    %inv;
    %store/vec4 v0000000000987ec0_0, 0, 1;
    %jmp T_7.0;
    %end;
    .thread T_7;
    .scope S_0000000000919b50;
T_8 ;
    %vpi_call 2 16 "$dumpfile", "Matrixtb.vcd" {0 0 0};
    %vpi_call 2 17 "$dumpvars", 32'sb00000000000000000000000000000000, S_0000000000919b50 {0 0 0};
    %end;
    .thread T_8;
    .scope S_0000000000919b50;
T_9 ;
    %delay 5000, 0;
    %pushi/vec4 0, 0, 1;
    %store/vec4 v0000000000986fc0_0, 0, 1;
    %delay 10000, 0;
    %pushi/vec4 1, 0, 1;
    %store/vec4 v0000000000986fc0_0, 0, 1;
    %delay 10000000, 0;
    %vpi_call 2 24 "$finish" {0 0 0};
    %end;
    .thread T_9;
# The file index is used to find the file name in the following table.
:file_names 9;
    "N/A";
    "<interactive>";
    "C:\Users\subed\Desktop\verilog-vsc\Pipeline_Matrix_Mul\2_2_Matrix_Multb.v";
    "C:\Users\subed\Desktop\verilog-vsc\Pipeline_Matrix_Mul/2_2_Matrix_Mul.v";
    "C:\Users\subed\Desktop\verilog-vsc\Pipeline_Matrix_Mul/ALUArray.v";
    "C:\Users\subed\Desktop\verilog-vsc\Pipeline_Matrix_Mul/ADDAccumulator.v";
    "C:\Users\subed\Desktop\verilog-vsc\Pipeline_Matrix_Mul/MemFetch.v";
    "C:\Users\subed\Desktop\verilog-vsc\Pipeline_Matrix_Mul/Mem1.v";
    "C:\Users\subed\Desktop\verilog-vsc\Pipeline_Matrix_Mul/Mem2.v";
